<?xml version="1.0" encoding="UTF-8"?>
<!-- Generated by org.testng.reporters.JUnitReportReporter -->
<testsuite hostname="DESKTOP-6V5GP4V" failures="0" tests="1" name="com.wq.runner.RunnerService" time="0.301" errors="0" timestamp="2020-12-31T14:05:59 IST" skipped="0">
  <testcase classname="com.wq.runner.RunnerService" name="runScenario" time="0.301"/>
  <system-out/>
</testsuite> <!-- com.wq.runner.RunnerService -->
