<?xml version="1.0" encoding="UTF-8"?>
<!-- Generated by org.testng.reporters.JUnitReportReporter -->
<testsuite hostname="DESKTOP-6V5GP4V" failures="0" tests="107" name="com.wq.runner.RunnerService" time="0.789" errors="0" timestamp="2020-12-31T20:56:00 IST" skipped="0">
  <testcase classname="com.wq.runner.RunnerService" name="runScenario" time="0.007"/>
  <system-out/>
  <testcase classname="com.wq.runner.RunnerService" name="runScenario" time="0.009"/>
  <system-out/>
  <testcase classname="com.wq.runner.RunnerService" name="runScenario" time="0.007"/>
  <system-out/>
  <testcase classname="com.wq.runner.RunnerService" name="runScenario" time="0.005"/>
  <system-out/>
  <testcase classname="com.wq.runner.RunnerService" name="runScenario" time="0.011"/>
  <system-out/>
  <testcase classname="com.wq.runner.RunnerService" name="runScenario" time="0.007"/>
  <system-out/>
  <testcase classname="com.wq.runner.RunnerService" name="runScenario" time="0.006"/>
  <system-out/>
  <testcase classname="com.wq.runner.RunnerService" name="runScenario" time="0.006"/>
  <system-out/>
  <testcase classname="com.wq.runner.RunnerService" name="runScenario" time="0.006"/>
  <system-out/>
  <testcase classname="com.wq.runner.RunnerService" name="runScenario" time="0.158"/>
  <system-out/>
  <testcase classname="com.wq.runner.RunnerService" name="runScenario" time="0.005"/>
  <system-out/>
  <testcase classname="com.wq.runner.RunnerService" name="runScenario" time="0.007"/>
  <system-out/>
  <testcase classname="com.wq.runner.RunnerService" name="runScenario" time="0.006"/>
  <system-out/>
  <testcase classname="com.wq.runner.RunnerService" name="runScenario" time="0.005"/>
  <system-out/>
  <testcase classname="com.wq.runner.RunnerService" name="runScenario" time="0.007"/>
  <system-out/>
  <testcase classname="com.wq.runner.RunnerService" name="runScenario" time="0.009"/>
  <system-out/>
  <testcase classname="com.wq.runner.RunnerService" name="runScenario" time="0.007"/>
  <system-out/>
  <testcase classname="com.wq.runner.RunnerService" name="runScenario" time="0.007"/>
  <system-out/>
  <testcase classname="com.wq.runner.RunnerService" name="runScenario" time="0.005"/>
  <system-out/>
  <testcase classname="com.wq.runner.RunnerService" name="runScenario" time="0.006"/>
  <system-out/>
  <testcase classname="com.wq.runner.RunnerService" name="runScenario" time="0.004"/>
  <system-out/>
  <testcase classname="com.wq.runner.RunnerService" name="runScenario" time="0.007"/>
  <system-out/>
  <testcase classname="com.wq.runner.RunnerService" name="runScenario" time="0.006"/>
  <system-out/>
  <testcase classname="com.wq.runner.RunnerService" name="runScenario" time="0.005"/>
  <system-out/>
  <testcase classname="com.wq.runner.RunnerService" name="runScenario" time="0.006"/>
  <system-out/>
  <testcase classname="com.wq.runner.RunnerService" name="runScenario" time="0.005"/>
  <system-out/>
  <testcase classname="com.wq.runner.RunnerService" name="runScenario" time="0.003"/>
  <system-out/>
  <testcase classname="com.wq.runner.RunnerService" name="runScenario" time="0.004"/>
  <system-out/>
  <testcase classname="com.wq.runner.RunnerService" name="runScenario" time="0.006"/>
  <system-out/>
  <testcase classname="com.wq.runner.RunnerService" name="runScenario" time="0.005"/>
  <system-out/>
  <testcase classname="com.wq.runner.RunnerService" name="runScenario" time="0.004"/>
  <system-out/>
  <testcase classname="com.wq.runner.RunnerService" name="runScenario" time="0.005"/>
  <system-out/>
  <testcase classname="com.wq.runner.RunnerService" name="runScenario" time="0.005"/>
  <system-out/>
  <testcase classname="com.wq.runner.RunnerService" name="runScenario" time="0.005"/>
  <system-out/>
  <testcase classname="com.wq.runner.RunnerService" name="runScenario" time="0.005"/>
  <system-out/>
  <testcase classname="com.wq.runner.RunnerService" name="runScenario" time="0.005"/>
  <system-out/>
  <testcase classname="com.wq.runner.RunnerService" name="runScenario" time="0.005"/>
  <system-out/>
  <testcase classname="com.wq.runner.RunnerService" name="runScenario" time="0.010"/>
  <system-out/>
  <testcase classname="com.wq.runner.RunnerService" name="runScenario" time="0.005"/>
  <system-out/>
  <testcase classname="com.wq.runner.RunnerService" name="runScenario" time="0.004"/>
  <system-out/>
  <testcase classname="com.wq.runner.RunnerService" name="runScenario" time="0.004"/>
  <system-out/>
  <testcase classname="com.wq.runner.RunnerService" name="runScenario" time="0.004"/>
  <system-out/>
  <testcase classname="com.wq.runner.RunnerService" name="runScenario" time="0.006"/>
  <system-out/>
  <testcase classname="com.wq.runner.RunnerService" name="runScenario" time="0.006"/>
  <system-out/>
  <testcase classname="com.wq.runner.RunnerService" name="runScenario" time="0.004"/>
  <system-out/>
  <testcase classname="com.wq.runner.RunnerService" name="runScenario" time="0.007"/>
  <system-out/>
  <testcase classname="com.wq.runner.RunnerService" name="runScenario" time="0.006"/>
  <system-out/>
  <testcase classname="com.wq.runner.RunnerService" name="runScenario" time="0.008"/>
  <system-out/>
  <testcase classname="com.wq.runner.RunnerService" name="runScenario" time="0.005"/>
  <system-out/>
  <testcase classname="com.wq.runner.RunnerService" name="runScenario" time="0.005"/>
  <system-out/>
  <testcase classname="com.wq.runner.RunnerService" name="runScenario" time="0.005"/>
  <system-out/>
  <testcase classname="com.wq.runner.RunnerService" name="runScenario" time="0.006"/>
  <system-out/>
  <testcase classname="com.wq.runner.RunnerService" name="runScenario" time="0.004"/>
  <system-out/>
  <testcase classname="com.wq.runner.RunnerService" name="runScenario" time="0.004"/>
  <system-out/>
  <testcase classname="com.wq.runner.RunnerService" name="runScenario" time="0.004"/>
  <system-out/>
  <testcase classname="com.wq.runner.RunnerService" name="runScenario" time="0.009"/>
  <system-out/>
  <testcase classname="com.wq.runner.RunnerService" name="runScenario" time="0.008"/>
  <system-out/>
  <testcase classname="com.wq.runner.RunnerService" name="runScenario" time="0.006"/>
  <system-out/>
  <testcase classname="com.wq.runner.RunnerService" name="runScenario" time="0.008"/>
  <system-out/>
  <testcase classname="com.wq.runner.RunnerService" name="runScenario" time="0.005"/>
  <system-out/>
  <testcase classname="com.wq.runner.RunnerService" name="runScenario" time="0.005"/>
  <system-out/>
  <testcase classname="com.wq.runner.RunnerService" name="runScenario" time="0.004"/>
  <system-out/>
  <testcase classname="com.wq.runner.RunnerService" name="runScenario" time="0.005"/>
  <system-out/>
  <testcase classname="com.wq.runner.RunnerService" name="runScenario" time="0.012"/>
  <system-out/>
  <testcase classname="com.wq.runner.RunnerService" name="runScenario" time="0.006"/>
  <system-out/>
  <testcase classname="com.wq.runner.RunnerService" name="runScenario" time="0.011"/>
  <system-out/>
  <testcase classname="com.wq.runner.RunnerService" name="runScenario" time="0.008"/>
  <system-out/>
  <testcase classname="com.wq.runner.RunnerService" name="runScenario" time="0.008"/>
  <system-out/>
  <testcase classname="com.wq.runner.RunnerService" name="runScenario" time="0.006"/>
  <system-out/>
  <testcase classname="com.wq.runner.RunnerService" name="runScenario" time="0.006"/>
  <system-out/>
  <testcase classname="com.wq.runner.RunnerService" name="runScenario" time="0.005"/>
  <system-out/>
  <testcase classname="com.wq.runner.RunnerService" name="runScenario" time="0.005"/>
  <system-out/>
  <testcase classname="com.wq.runner.RunnerService" name="runScenario" time="0.007"/>
  <system-out/>
  <testcase classname="com.wq.runner.RunnerService" name="runScenario" time="0.006"/>
  <system-out/>
  <testcase classname="com.wq.runner.RunnerService" name="runScenario" time="0.004"/>
  <system-out/>
  <testcase classname="com.wq.runner.RunnerService" name="runScenario" time="0.005"/>
  <system-out/>
  <testcase classname="com.wq.runner.RunnerService" name="runScenario" time="0.006"/>
  <system-out/>
  <testcase classname="com.wq.runner.RunnerService" name="runScenario" time="0.004"/>
  <system-out/>
  <testcase classname="com.wq.runner.RunnerService" name="runScenario" time="0.004"/>
  <system-out/>
  <testcase classname="com.wq.runner.RunnerService" name="runScenario" time="0.004"/>
  <system-out/>
  <testcase classname="com.wq.runner.RunnerService" name="runScenario" time="0.007"/>
  <system-out/>
  <testcase classname="com.wq.runner.RunnerService" name="runScenario" time="0.012"/>
  <system-out/>
  <testcase classname="com.wq.runner.RunnerService" name="runScenario" time="0.005"/>
  <system-out/>
  <testcase classname="com.wq.runner.RunnerService" name="runScenario" time="0.006"/>
  <system-out/>
  <testcase classname="com.wq.runner.RunnerService" name="runScenario" time="0.009"/>
  <system-out/>
  <testcase classname="com.wq.runner.RunnerService" name="runScenario" time="0.006"/>
  <system-out/>
  <testcase classname="com.wq.runner.RunnerService" name="runScenario" time="0.004"/>
  <system-out/>
  <testcase classname="com.wq.runner.RunnerService" name="runScenario" time="0.005"/>
  <system-out/>
  <testcase classname="com.wq.runner.RunnerService" name="runScenario" time="0.006"/>
  <system-out/>
  <testcase classname="com.wq.runner.RunnerService" name="runScenario" time="0.011"/>
  <system-out/>
  <testcase classname="com.wq.runner.RunnerService" name="runScenario" time="0.004"/>
  <system-out/>
  <testcase classname="com.wq.runner.RunnerService" name="runScenario" time="0.008"/>
  <system-out/>
  <testcase classname="com.wq.runner.RunnerService" name="runScenario" time="0.004"/>
  <system-out/>
  <testcase classname="com.wq.runner.RunnerService" name="runScenario" time="0.004"/>
  <system-out/>
  <testcase classname="com.wq.runner.RunnerService" name="runScenario" time="0.007"/>
  <system-out/>
  <testcase classname="com.wq.runner.RunnerService" name="runScenario" time="0.006"/>
  <system-out/>
  <testcase classname="com.wq.runner.RunnerService" name="runScenario" time="0.005"/>
  <system-out/>
  <testcase classname="com.wq.runner.RunnerService" name="runScenario" time="0.005"/>
  <system-out/>
  <testcase classname="com.wq.runner.RunnerService" name="runScenario" time="0.006"/>
  <system-out/>
  <testcase classname="com.wq.runner.RunnerService" name="runScenario" time="0.006"/>
  <system-out/>
  <testcase classname="com.wq.runner.RunnerService" name="runScenario" time="0.007"/>
  <system-out/>
  <testcase classname="com.wq.runner.RunnerService" name="runScenario" time="0.004"/>
  <system-out/>
  <testcase classname="com.wq.runner.RunnerService" name="runScenario" time="0.005"/>
  <system-out/>
  <testcase classname="com.wq.runner.RunnerService" name="runScenario" time="0.005"/>
  <system-out/>
  <testcase classname="com.wq.runner.RunnerService" name="runScenario" time="0.006"/>
  <system-out/>
  <testcase classname="com.wq.runner.RunnerService" name="runScenario" time="0.006"/>
  <system-out/>
  <testcase classname="com.wq.runner.RunnerService" name="runScenario" time="0.005"/>
  <system-out/>
</testsuite> <!-- com.wq.runner.RunnerService -->
