<?xml version="1.0" encoding="UTF-8"?>
<!-- Generated by org.testng.reporters.JUnitReportReporter -->
<testsuite hostname="DESKTOP-6V5GP4V" failures="0" tests="1" name="com.wq.runner.RunnerService" time="23.370" errors="0" timestamp="2021-01-01T18:22:02 IST" skipped="0">
  <testcase classname="com.wq.runner.RunnerService" name="runScenario" time="23.370"/>
  <system-out/>
</testsuite> <!-- com.wq.runner.RunnerService -->
