<?xml version="1.0" encoding="UTF-8"?>
<!-- Generated by org.testng.reporters.JUnitReportReporter -->
<testsuite hostname="DESKTOP-6V5GP4V" failures="0" tests="12" name="com.wq.runner.RunnerService" time="103.518" errors="0" timestamp="2020-12-24T22:17:39 IST" skipped="0">
  <testcase classname="com.wq.runner.RunnerService" name="runScenario" time="7.575"/>
  <system-out/>
  <testcase classname="com.wq.runner.RunnerService" name="runScenario" time="7.632"/>
  <system-out/>
  <testcase classname="com.wq.runner.RunnerService" name="runScenario" time="8.862"/>
  <system-out/>
  <testcase classname="com.wq.runner.RunnerService" name="runScenario" time="8.547"/>
  <system-out/>
  <testcase classname="com.wq.runner.RunnerService" name="runScenario" time="7.938"/>
  <system-out/>
  <testcase classname="com.wq.runner.RunnerService" name="runScenario" time="9.293"/>
  <system-out/>
  <testcase classname="com.wq.runner.RunnerService" name="runScenario" time="8.653"/>
  <system-out/>
  <testcase classname="com.wq.runner.RunnerService" name="runScenario" time="7.458"/>
  <system-out/>
  <testcase classname="com.wq.runner.RunnerService" name="runScenario" time="13.026"/>
  <system-out/>
  <testcase classname="com.wq.runner.RunnerService" name="runScenario" time="8.256"/>
  <system-out/>
  <testcase classname="com.wq.runner.RunnerService" name="runScenario" time="8.380"/>
  <system-out/>
  <testcase classname="com.wq.runner.RunnerService" name="runScenario" time="7.898"/>
  <system-out/>
</testsuite> <!-- com.wq.runner.RunnerService -->
