<?xml version="1.0" encoding="UTF-8"?>
<!-- Generated by org.testng.reporters.JUnitReportReporter -->
<testsuite hostname="DESKTOP-6V5GP4V" failures="0" tests="1" name="com.wq.runner.RunnerService" time="9.467" errors="0" timestamp="2020-12-26T15:39:43 IST" skipped="0">
  <testcase classname="com.wq.runner.RunnerService" name="runScenario" time="9.467"/>
  <system-out/>
</testsuite> <!-- com.wq.runner.RunnerService -->
