<?xml version="1.0" encoding="UTF-8"?>
<!-- Generated by org.testng.reporters.JUnitReportReporter -->
<testsuite hostname="DESKTOP-6V5GP4V" failures="0" tests="123" name="com.wq.runner.RunnerService" time="1.052" errors="0" timestamp="2021-01-01T17:05:36 IST" skipped="0">
  <testcase classname="com.wq.runner.RunnerService" name="runScenario" time="0.006"/>
  <system-out/>
  <testcase classname="com.wq.runner.RunnerService" name="runScenario" time="0.010"/>
  <system-out/>
  <testcase classname="com.wq.runner.RunnerService" name="runScenario" time="0.011"/>
  <system-out/>
  <testcase classname="com.wq.runner.RunnerService" name="runScenario" time="0.008"/>
  <system-out/>
  <testcase classname="com.wq.runner.RunnerService" name="runScenario" time="0.009"/>
  <system-out/>
  <testcase classname="com.wq.runner.RunnerService" name="runScenario" time="0.009"/>
  <system-out/>
  <testcase classname="com.wq.runner.RunnerService" name="runScenario" time="0.005"/>
  <system-out/>
  <testcase classname="com.wq.runner.RunnerService" name="runScenario" time="0.006"/>
  <system-out/>
  <testcase classname="com.wq.runner.RunnerService" name="runScenario" time="0.011"/>
  <system-out/>
  <testcase classname="com.wq.runner.RunnerService" name="runScenario" time="0.006"/>
  <system-out/>
  <testcase classname="com.wq.runner.RunnerService" name="runScenario" time="0.007"/>
  <system-out/>
  <testcase classname="com.wq.runner.RunnerService" name="runScenario" time="0.007"/>
  <system-out/>
  <testcase classname="com.wq.runner.RunnerService" name="runScenario" time="0.007"/>
  <system-out/>
  <testcase classname="com.wq.runner.RunnerService" name="runScenario" time="0.006"/>
  <system-out/>
  <testcase classname="com.wq.runner.RunnerService" name="runScenario" time="0.007"/>
  <system-out/>
  <testcase classname="com.wq.runner.RunnerService" name="runScenario" time="0.008"/>
  <system-out/>
  <testcase classname="com.wq.runner.RunnerService" name="runScenario" time="0.005"/>
  <system-out/>
  <testcase classname="com.wq.runner.RunnerService" name="runScenario" time="0.008"/>
  <system-out/>
  <testcase classname="com.wq.runner.RunnerService" name="runScenario" time="0.009"/>
  <system-out/>
  <testcase classname="com.wq.runner.RunnerService" name="runScenario" time="0.006"/>
  <system-out/>
  <testcase classname="com.wq.runner.RunnerService" name="runScenario" time="0.009"/>
  <system-out/>
  <testcase classname="com.wq.runner.RunnerService" name="runScenario" time="0.006"/>
  <system-out/>
  <testcase classname="com.wq.runner.RunnerService" name="runScenario" time="0.007"/>
  <system-out/>
  <testcase classname="com.wq.runner.RunnerService" name="runScenario" time="0.008"/>
  <system-out/>
  <testcase classname="com.wq.runner.RunnerService" name="runScenario" time="0.008"/>
  <system-out/>
  <testcase classname="com.wq.runner.RunnerService" name="runScenario" time="0.006"/>
  <system-out/>
  <testcase classname="com.wq.runner.RunnerService" name="runScenario" time="0.006"/>
  <system-out/>
  <testcase classname="com.wq.runner.RunnerService" name="runScenario" time="0.005"/>
  <system-out/>
  <testcase classname="com.wq.runner.RunnerService" name="runScenario" time="0.007"/>
  <system-out/>
  <testcase classname="com.wq.runner.RunnerService" name="runScenario" time="0.004"/>
  <system-out/>
  <testcase classname="com.wq.runner.RunnerService" name="runScenario" time="0.006"/>
  <system-out/>
  <testcase classname="com.wq.runner.RunnerService" name="runScenario" time="0.006"/>
  <system-out/>
  <testcase classname="com.wq.runner.RunnerService" name="runScenario" time="0.008"/>
  <system-out/>
  <testcase classname="com.wq.runner.RunnerService" name="runScenario" time="0.010"/>
  <system-out/>
  <testcase classname="com.wq.runner.RunnerService" name="runScenario" time="0.007"/>
  <system-out/>
  <testcase classname="com.wq.runner.RunnerService" name="runScenario" time="0.007"/>
  <system-out/>
  <testcase classname="com.wq.runner.RunnerService" name="runScenario" time="0.010"/>
  <system-out/>
  <testcase classname="com.wq.runner.RunnerService" name="runScenario" time="0.006"/>
  <system-out/>
  <testcase classname="com.wq.runner.RunnerService" name="runScenario" time="0.006"/>
  <system-out/>
  <testcase classname="com.wq.runner.RunnerService" name="runScenario" time="0.006"/>
  <system-out/>
  <testcase classname="com.wq.runner.RunnerService" name="runScenario" time="0.005"/>
  <system-out/>
  <testcase classname="com.wq.runner.RunnerService" name="runScenario" time="0.005"/>
  <system-out/>
  <testcase classname="com.wq.runner.RunnerService" name="runScenario" time="0.006"/>
  <system-out/>
  <testcase classname="com.wq.runner.RunnerService" name="runScenario" time="0.008"/>
  <system-out/>
  <testcase classname="com.wq.runner.RunnerService" name="runScenario" time="0.007"/>
  <system-out/>
  <testcase classname="com.wq.runner.RunnerService" name="runScenario" time="0.005"/>
  <system-out/>
  <testcase classname="com.wq.runner.RunnerService" name="runScenario" time="0.005"/>
  <system-out/>
  <testcase classname="com.wq.runner.RunnerService" name="runScenario" time="0.008"/>
  <system-out/>
  <testcase classname="com.wq.runner.RunnerService" name="runScenario" time="0.008"/>
  <system-out/>
  <testcase classname="com.wq.runner.RunnerService" name="runScenario" time="0.007"/>
  <system-out/>
  <testcase classname="com.wq.runner.RunnerService" name="runScenario" time="0.006"/>
  <system-out/>
  <testcase classname="com.wq.runner.RunnerService" name="runScenario" time="0.008"/>
  <system-out/>
  <testcase classname="com.wq.runner.RunnerService" name="runScenario" time="0.005"/>
  <system-out/>
  <testcase classname="com.wq.runner.RunnerService" name="runScenario" time="0.008"/>
  <system-out/>
  <testcase classname="com.wq.runner.RunnerService" name="runScenario" time="0.008"/>
  <system-out/>
  <testcase classname="com.wq.runner.RunnerService" name="runScenario" time="0.009"/>
  <system-out/>
  <testcase classname="com.wq.runner.RunnerService" name="runScenario" time="0.010"/>
  <system-out/>
  <testcase classname="com.wq.runner.RunnerService" name="runScenario" time="0.007"/>
  <system-out/>
  <testcase classname="com.wq.runner.RunnerService" name="runScenario" time="0.011"/>
  <system-out/>
  <testcase classname="com.wq.runner.RunnerService" name="runScenario" time="0.007"/>
  <system-out/>
  <testcase classname="com.wq.runner.RunnerService" name="runScenario" time="0.006"/>
  <system-out/>
  <testcase classname="com.wq.runner.RunnerService" name="runScenario" time="0.006"/>
  <system-out/>
  <testcase classname="com.wq.runner.RunnerService" name="runScenario" time="0.014"/>
  <system-out/>
  <testcase classname="com.wq.runner.RunnerService" name="runScenario" time="0.005"/>
  <system-out/>
  <testcase classname="com.wq.runner.RunnerService" name="runScenario" time="0.008"/>
  <system-out/>
  <testcase classname="com.wq.runner.RunnerService" name="runScenario" time="0.007"/>
  <system-out/>
  <testcase classname="com.wq.runner.RunnerService" name="runScenario" time="0.019"/>
  <system-out/>
  <testcase classname="com.wq.runner.RunnerService" name="runScenario" time="0.008"/>
  <system-out/>
  <testcase classname="com.wq.runner.RunnerService" name="runScenario" time="0.005"/>
  <system-out/>
  <testcase classname="com.wq.runner.RunnerService" name="runScenario" time="0.009"/>
  <system-out/>
  <testcase classname="com.wq.runner.RunnerService" name="runScenario" time="0.007"/>
  <system-out/>
  <testcase classname="com.wq.runner.RunnerService" name="runScenario" time="0.007"/>
  <system-out/>
  <testcase classname="com.wq.runner.RunnerService" name="runScenario" time="0.010"/>
  <system-out/>
  <testcase classname="com.wq.runner.RunnerService" name="runScenario" time="0.006"/>
  <system-out/>
  <testcase classname="com.wq.runner.RunnerService" name="runScenario" time="0.007"/>
  <system-out/>
  <testcase classname="com.wq.runner.RunnerService" name="runScenario" time="0.007"/>
  <system-out/>
  <testcase classname="com.wq.runner.RunnerService" name="runScenario" time="0.007"/>
  <system-out/>
  <testcase classname="com.wq.runner.RunnerService" name="runScenario" time="0.007"/>
  <system-out/>
  <testcase classname="com.wq.runner.RunnerService" name="runScenario" time="0.006"/>
  <system-out/>
  <testcase classname="com.wq.runner.RunnerService" name="runScenario" time="0.010"/>
  <system-out/>
  <testcase classname="com.wq.runner.RunnerService" name="runScenario" time="0.006"/>
  <system-out/>
  <testcase classname="com.wq.runner.RunnerService" name="runScenario" time="0.008"/>
  <system-out/>
  <testcase classname="com.wq.runner.RunnerService" name="runScenario" time="0.009"/>
  <system-out/>
  <testcase classname="com.wq.runner.RunnerService" name="runScenario" time="0.008"/>
  <system-out/>
  <testcase classname="com.wq.runner.RunnerService" name="runScenario" time="0.007"/>
  <system-out/>
  <testcase classname="com.wq.runner.RunnerService" name="runScenario" time="0.006"/>
  <system-out/>
  <testcase classname="com.wq.runner.RunnerService" name="runScenario" time="0.005"/>
  <system-out/>
  <testcase classname="com.wq.runner.RunnerService" name="runScenario" time="0.005"/>
  <system-out/>
  <testcase classname="com.wq.runner.RunnerService" name="runScenario" time="0.007"/>
  <system-out/>
  <testcase classname="com.wq.runner.RunnerService" name="runScenario" time="0.006"/>
  <system-out/>
  <testcase classname="com.wq.runner.RunnerService" name="runScenario" time="0.009"/>
  <system-out/>
  <testcase classname="com.wq.runner.RunnerService" name="runScenario" time="0.008"/>
  <system-out/>
  <testcase classname="com.wq.runner.RunnerService" name="runScenario" time="0.007"/>
  <system-out/>
  <testcase classname="com.wq.runner.RunnerService" name="runScenario" time="0.007"/>
  <system-out/>
  <testcase classname="com.wq.runner.RunnerService" name="runScenario" time="0.007"/>
  <system-out/>
  <testcase classname="com.wq.runner.RunnerService" name="runScenario" time="0.012"/>
  <system-out/>
  <testcase classname="com.wq.runner.RunnerService" name="runScenario" time="0.005"/>
  <system-out/>
  <testcase classname="com.wq.runner.RunnerService" name="runScenario" time="0.005"/>
  <system-out/>
  <testcase classname="com.wq.runner.RunnerService" name="runScenario" time="0.010"/>
  <system-out/>
  <testcase classname="com.wq.runner.RunnerService" name="runScenario" time="0.007"/>
  <system-out/>
  <testcase classname="com.wq.runner.RunnerService" name="runScenario" time="0.007"/>
  <system-out/>
  <testcase classname="com.wq.runner.RunnerService" name="runScenario" time="0.005"/>
  <system-out/>
  <testcase classname="com.wq.runner.RunnerService" name="runScenario" time="0.007"/>
  <system-out/>
  <testcase classname="com.wq.runner.RunnerService" name="runScenario" time="0.007"/>
  <system-out/>
  <testcase classname="com.wq.runner.RunnerService" name="runScenario" time="0.009"/>
  <system-out/>
  <testcase classname="com.wq.runner.RunnerService" name="runScenario" time="0.013"/>
  <system-out/>
  <testcase classname="com.wq.runner.RunnerService" name="runScenario" time="0.011"/>
  <system-out/>
  <testcase classname="com.wq.runner.RunnerService" name="runScenario" time="0.006"/>
  <system-out/>
  <testcase classname="com.wq.runner.RunnerService" name="runScenario" time="0.007"/>
  <system-out/>
  <testcase classname="com.wq.runner.RunnerService" name="runScenario" time="0.008"/>
  <system-out/>
  <testcase classname="com.wq.runner.RunnerService" name="runScenario" time="0.008"/>
  <system-out/>
  <testcase classname="com.wq.runner.RunnerService" name="runScenario" time="0.008"/>
  <system-out/>
  <testcase classname="com.wq.runner.RunnerService" name="runScenario" time="0.007"/>
  <system-out/>
  <testcase classname="com.wq.runner.RunnerService" name="runScenario" time="0.006"/>
  <system-out/>
  <testcase classname="com.wq.runner.RunnerService" name="runScenario" time="0.008"/>
  <system-out/>
  <testcase classname="com.wq.runner.RunnerService" name="runScenario" time="0.005"/>
  <system-out/>
  <testcase classname="com.wq.runner.RunnerService" name="runScenario" time="0.005"/>
  <system-out/>
  <testcase classname="com.wq.runner.RunnerService" name="runScenario" time="0.009"/>
  <system-out/>
  <testcase classname="com.wq.runner.RunnerService" name="runScenario" time="0.006"/>
  <system-out/>
  <testcase classname="com.wq.runner.RunnerService" name="runScenario" time="0.150"/>
  <system-out/>
  <testcase classname="com.wq.runner.RunnerService" name="runScenario" time="0.009"/>
  <system-out/>
  <testcase classname="com.wq.runner.RunnerService" name="runScenario" time="0.006"/>
  <system-out/>
  <testcase classname="com.wq.runner.RunnerService" name="runScenario" time="0.008"/>
  <system-out/>
</testsuite> <!-- com.wq.runner.RunnerService -->
