<?xml version="1.0" encoding="UTF-8"?>
<!-- Generated by org.testng.reporters.JUnitReportReporter -->
<testsuite hostname="DESKTOP-6V5GP4V" failures="0" tests="48" name="com.wq.runner.RunnerService" time="0.300" errors="0" timestamp="2020-12-27T16:12:42 IST" skipped="0">
  <testcase classname="com.wq.runner.RunnerService" name="runScenario" time="0.003"/>
  <system-out/>
  <testcase classname="com.wq.runner.RunnerService" name="runScenario" time="0.005"/>
  <system-out/>
  <testcase classname="com.wq.runner.RunnerService" name="runScenario" time="0.004"/>
  <system-out/>
  <testcase classname="com.wq.runner.RunnerService" name="runScenario" time="0.002"/>
  <system-out/>
  <testcase classname="com.wq.runner.RunnerService" name="runScenario" time="0.003"/>
  <system-out/>
  <testcase classname="com.wq.runner.RunnerService" name="runScenario" time="0.005"/>
  <system-out/>
  <testcase classname="com.wq.runner.RunnerService" name="runScenario" time="0.006"/>
  <system-out/>
  <testcase classname="com.wq.runner.RunnerService" name="runScenario" time="0.002"/>
  <system-out/>
  <testcase classname="com.wq.runner.RunnerService" name="runScenario" time="0.003"/>
  <system-out/>
  <testcase classname="com.wq.runner.RunnerService" name="runScenario" time="0.002"/>
  <system-out/>
  <testcase classname="com.wq.runner.RunnerService" name="runScenario" time="0.003"/>
  <system-out/>
  <testcase classname="com.wq.runner.RunnerService" name="runScenario" time="0.005"/>
  <system-out/>
  <testcase classname="com.wq.runner.RunnerService" name="runScenario" time="0.004"/>
  <system-out/>
  <testcase classname="com.wq.runner.RunnerService" name="runScenario" time="0.004"/>
  <system-out/>
  <testcase classname="com.wq.runner.RunnerService" name="runScenario" time="0.005"/>
  <system-out/>
  <testcase classname="com.wq.runner.RunnerService" name="runScenario" time="0.007"/>
  <system-out/>
  <testcase classname="com.wq.runner.RunnerService" name="runScenario" time="0.006"/>
  <system-out/>
  <testcase classname="com.wq.runner.RunnerService" name="runScenario" time="0.003"/>
  <system-out/>
  <testcase classname="com.wq.runner.RunnerService" name="runScenario" time="0.002"/>
  <system-out/>
  <testcase classname="com.wq.runner.RunnerService" name="runScenario" time="0.004"/>
  <system-out/>
  <testcase classname="com.wq.runner.RunnerService" name="runScenario" time="0.002"/>
  <system-out/>
  <testcase classname="com.wq.runner.RunnerService" name="runScenario" time="0.004"/>
  <system-out/>
  <testcase classname="com.wq.runner.RunnerService" name="runScenario" time="0.004"/>
  <system-out/>
  <testcase classname="com.wq.runner.RunnerService" name="runScenario" time="0.126"/>
  <system-out/>
  <testcase classname="com.wq.runner.RunnerService" name="runScenario" time="0.005"/>
  <system-out/>
  <testcase classname="com.wq.runner.RunnerService" name="runScenario" time="0.002"/>
  <system-out/>
  <testcase classname="com.wq.runner.RunnerService" name="runScenario" time="0.003"/>
  <system-out/>
  <testcase classname="com.wq.runner.RunnerService" name="runScenario" time="0.003"/>
  <system-out/>
  <testcase classname="com.wq.runner.RunnerService" name="runScenario" time="0.009"/>
  <system-out/>
  <testcase classname="com.wq.runner.RunnerService" name="runScenario" time="0.002"/>
  <system-out/>
  <testcase classname="com.wq.runner.RunnerService" name="runScenario" time="0.003"/>
  <system-out/>
  <testcase classname="com.wq.runner.RunnerService" name="runScenario" time="0.002"/>
  <system-out/>
  <testcase classname="com.wq.runner.RunnerService" name="runScenario" time="0.003"/>
  <system-out/>
  <testcase classname="com.wq.runner.RunnerService" name="runScenario" time="0.009"/>
  <system-out/>
  <testcase classname="com.wq.runner.RunnerService" name="runScenario" time="0.003"/>
  <system-out/>
  <testcase classname="com.wq.runner.RunnerService" name="runScenario" time="0.006"/>
  <system-out/>
  <testcase classname="com.wq.runner.RunnerService" name="runScenario" time="0.003"/>
  <system-out/>
  <testcase classname="com.wq.runner.RunnerService" name="runScenario" time="0.002"/>
  <system-out/>
  <testcase classname="com.wq.runner.RunnerService" name="runScenario" time="0.002"/>
  <system-out/>
  <testcase classname="com.wq.runner.RunnerService" name="runScenario" time="0.002"/>
  <system-out/>
  <testcase classname="com.wq.runner.RunnerService" name="runScenario" time="0.005"/>
  <system-out/>
  <testcase classname="com.wq.runner.RunnerService" name="runScenario" time="0.004"/>
  <system-out/>
  <testcase classname="com.wq.runner.RunnerService" name="runScenario" time="0.003"/>
  <system-out/>
  <testcase classname="com.wq.runner.RunnerService" name="runScenario" time="0.004"/>
  <system-out/>
  <testcase classname="com.wq.runner.RunnerService" name="runScenario" time="0.002"/>
  <system-out/>
  <testcase classname="com.wq.runner.RunnerService" name="runScenario" time="0.003"/>
  <system-out/>
  <testcase classname="com.wq.runner.RunnerService" name="runScenario" time="0.003"/>
  <system-out/>
  <testcase classname="com.wq.runner.RunnerService" name="runScenario" time="0.003"/>
  <system-out/>
</testsuite> <!-- com.wq.runner.RunnerService -->
