<?xml version="1.0" encoding="UTF-8"?>
<!-- Generated by org.testng.reporters.JUnitReportReporter -->
<testsuite hostname="DESKTOP-6V5GP4V" failures="0" tests="1" name="com.wq.runner.RunnerService" time="14.232" errors="0" timestamp="2021-01-04T23:18:06 IST" skipped="0">
  <testcase classname="com.wq.runner.RunnerService" name="runScenario" time="14.232"/>
  <system-out/>
</testsuite> <!-- com.wq.runner.RunnerService -->
