<?xml version="1.0" encoding="UTF-8"?>
<!-- Generated by org.testng.reporters.JUnitReportReporter -->
<testsuite hostname="DESKTOP-6V5GP4V" failures="0" tests="1" name="com.wq.runner.RunnerService" time="7.960" errors="1" timestamp="2020-12-24T22:01:52 IST" skipped="0">
  <testcase classname="com.wq.runner.RunnerService" name="runScenario" time="7.960">
    <error message="Cannot find elements when the XPath is null." type="java.lang.IllegalArgumentException">
      <![CDATA[java.lang.IllegalArgumentException: Cannot find elements when the XPath is null.
at org.openqa.selenium.By$ByXPath.<init>(By.java:339)
at org.openqa.selenium.By.xpath(By.java:92)
at com.wq.pages.CustRegValidationPage.middleNameErrorMsg(CustRegValidationPage.java:50)
at com.wq.stepdefinations.CustRegValidation.click_on_continue_button(CustRegValidation.java:26)
at âœ½.click on continue button(file:///C:/Work/workspace/Automation/eclipse/Moneytap-WQ/src/test/java/com/wq/features/custRegValidation.feature:7)
]]>
    </error>
  </testcase> <!-- runScenario -->
  <system-out/>
</testsuite> <!-- com.wq.runner.RunnerService -->
