<?xml version="1.0" encoding="UTF-8"?>
<!-- Generated by org.testng.reporters.JUnitReportReporter -->
<testsuite hostname="DESKTOP-6V5GP4V" failures="1" tests="1" name="com.wq.runner.RunnerService" time="16.076" errors="0" timestamp="2020-12-29T23:13:32 IST" skipped="0">
  <testcase classname="com.wq.runner.RunnerService" name="runScenario" time="16.076">
    <failure message="expected [Read about our user consent for data usage] but found []" type="java.lang.AssertionError">
      <![CDATA[java.lang.AssertionError: expected [Read about our user consent for data usage] but found []
at org.testng.Assert.fail(Assert.java:99)
at org.testng.Assert.failNotEquals(Assert.java:1037)
at org.testng.Assert.assertEqualsImpl(Assert.java:140)
at org.testng.Assert.assertEquals(Assert.java:122)
at org.testng.Assert.assertEquals(Assert.java:629)
at org.testng.Assert.assertEquals(Assert.java:639)
at com.wq.stepdefinations.CustRegDataValidation.verify_user_consent_weblink(CustRegDataValidation.java:776)
at âœ½.verify user consent weblink(file:///C:/Work/workspace/Automation/eclipse/Moneytap-WQ/./src/test/java/com/wq/features/test.feature:142)
]]>
    </failure>
  </testcase> <!-- runScenario -->
  <system-out/>
</testsuite> <!-- com.wq.runner.RunnerService -->
